<?xml version="1.0" encoding="UTF-8"?>
<!-- Generated by org.testng.reporters.JUnitReportReporter -->
<testsuite hostname="DiptmanG" name="com.deep.testCase.Mail" tests="1" failures="0" timestamp="15 Jun 2015 06:57:54 GMT" time="19.075" errors="0">
  <testcase name="loginmail" time="19.075" classname="com.deep.testCase.Mail"/>
</testsuite> <!-- com.deep.testCase.Mail -->
