<?xml version="1.0" encoding="UTF-8"?>
<!-- Generated by org.testng.reporters.JUnitReportReporter -->
<testsuite hostname="DiptmanG" name="com.deep.testCase.LoginFb" tests="1" failures="0" timestamp="10 Aug 2015 12:26:55 GMT" time="15.369" errors="0">
  <testcase name="loginmail" time="15.369" classname="com.deep.testCase.LoginFb"/>
</testsuite> <!-- com.deep.testCase.LoginFb -->
