<?xml version="1.0" encoding="UTF-8"?>
<!-- Generated by org.testng.reporters.JUnitReportReporter -->
<testsuite hostname="Diptman" name="com.deep.testCase.Mail" tests="1" failures="0" timestamp="13 Jun 2015 04:56:38 GMT" time="22.287" errors="0">
  <testcase name="loginmail" time="22.287" classname="com.deep.testCase.Mail"/>
</testsuite> <!-- com.deep.testCase.Mail -->
