<?xml version="1.0" encoding="UTF-8"?>
<!-- Generated by org.testng.reporters.JUnitReportReporter -->
<testsuite hostname="DiptmanG" name="com.deep.testCase.LoginFb2" tests="1" failures="0" timestamp="10 Aug 2015 12:26:55 GMT" time="12.866" errors="0">
  <testcase name="loginmail" time="12.866" classname="com.deep.testCase.LoginFb2"/>
</testsuite> <!-- com.deep.testCase.LoginFb2 -->
