<?xml version="1.0" encoding="UTF-8"?>
<!-- Generated by org.testng.reporters.JUnitReportReporter -->
<testsuite hostname="DiptmanG" name="com.deep.testCase.Mail" tests="1" failures="0" timestamp="17 Jun 2015 05:28:16 GMT" time="14.774" errors="0">
  <testcase name="loginmail" time="14.774" classname="com.deep.testCase.Mail"/>
</testsuite> <!-- com.deep.testCase.Mail -->
