<?xml version="1.0" encoding="UTF-8"?>
<!-- Generated by org.testng.reporters.JUnitReportReporter -->
<testsuite hostname="DiptmanG" name="com.deep.testCase.LoginFb" tests="1" failures="0" timestamp="17 Jun 2015 05:31:11 GMT" time="12.653" errors="0">
  <testcase name="loginmail" time="12.653" classname="com.deep.testCase.LoginFb"/>
</testsuite> <!-- com.deep.testCase.LoginFb -->
