<?xml version="1.0" encoding="UTF-8"?>
<!-- Generated by org.testng.reporters.JUnitReportReporter -->
<testsuite hostname="DiptmanG" name="com.deep.testCase.LoginFb" tests="1" failures="0" timestamp="12 Aug 2015 09:55:54 GMT" time="12.411" errors="0">
  <testcase name="loginmail" time="12.411" classname="com.deep.testCase.LoginFb"/>
</testsuite> <!-- com.deep.testCase.LoginFb -->
